<?xml version="1.0" encoding="UTF-8"?>
<!-- Generated by org.testng.reporters.JUnitXMLReporter -->
<testsuite hostname="WS-IN759" ignored="0" name="LoginPageTest" tests="2" failures="0" timestamp="21 Jun 2018 07:33:36 GMT" time="82.398" errors="0">
  <testcase name="verifyLoginWithValidCredentials" time="5.767" classname="com.test.automation.HubAutomation.playerLogin.TC001_VerifyLoginWithValidCredentials"/>
  <testcase name="verifyLoginWithInvalidCredentials" time="61.064" classname="com.test.automation.HubAutomation.playerLogin.TC002_VerifyLoginWithInvalidCredentials"/>
</testsuite> <!-- LoginPageTest -->
