<?xml version="1.0" encoding="UTF-8"?>
<testng-results skipped="0" failed="0" ignored="0" total="2" passed="2">
  <reporter-output>
    <line>
      <![CDATA[<a href='D:\Eclipse Test\Github_DRC\PageFactoryApproach\HubAutomation\src\main\java\com\test\automation\uiAutomation\screenshots\verifyLoginWithValidCredentials_21_06_2018_01_02_32.png'> <img src = 'D:\Eclipse Test\Github_DRC\PageFactoryApproach\HubAutomation\src\main\java\com\test\automation\uiAutomation\screenshots\verifyLoginWithValidCredentials_21_06_2018_01_02_32.png' height='100' weight='100' /> </a>]]>
    </line>
    <line>
      <![CDATA[<a href='D:\Eclipse Test\Github_DRC\PageFactoryApproach\HubAutomation\src\main\java\com\test\automation\uiAutomation\screenshots\verifyLoginWithInvalidCredentials_21_06_2018_01_03_33.png'> <img src = 'D:\Eclipse Test\Github_DRC\PageFactoryApproach\HubAutomation\src\main\java\com\test\automation\uiAutomation\screenshots\verifyLoginWithInvalidCredentials_21_06_2018_01_03_33.png' height='100' weight='100' /> </a>]]>
    </line>
  </reporter-output>
  <suite name="Regression Suite" duration-ms="82398" started-at="2018-06-21T07:32:13Z" finished-at="2018-06-21T07:33:36Z">
    <groups>
    </groups>
    <test name="LoginPageTest" duration-ms="82398" started-at="2018-06-21T07:32:13Z" finished-at="2018-06-21T07:33:36Z">
      <class name="com.test.automation.HubAutomation.playerLogin.TC002_VerifyLoginWithInvalidCredentials">
        <test-method status="PASS" signature="verifyLoginWithInvalidCredentials()[pri:0, instance:com.test.automation.HubAutomation.playerLogin.TC002_VerifyLoginWithInvalidCredentials@2f686d1f]" name="verifyLoginWithInvalidCredentials" duration-ms="61064" started-at="2018-06-21T13:02:32Z" finished-at="2018-06-21T13:03:34Z">
          <reporter-output>
            <line>
              <![CDATA[<a href='D:\Eclipse Test\Github_DRC\PageFactoryApproach\HubAutomation\src\main\java\com\test\automation\uiAutomation\screenshots\verifyLoginWithInvalidCredentials_21_06_2018_01_03_33.png'> <img src = 'D:\Eclipse Test\Github_DRC\PageFactoryApproach\HubAutomation\src\main\java\com\test\automation\uiAutomation\screenshots\verifyLoginWithInvalidCredentials_21_06_2018_01_03_33.png' height='100' weight='100' /> </a>]]>
            </line>
          </reporter-output>
        </test-method> <!-- verifyLoginWithInvalidCredentials -->
      </class> <!-- com.test.automation.HubAutomation.playerLogin.TC002_VerifyLoginWithInvalidCredentials -->
      <class name="com.test.automation.HubAutomation.playerLogin.TC001_VerifyLoginWithValidCredentials">
        <test-method status="PASS" signature="setUp()[pri:0, instance:com.test.automation.HubAutomation.playerLogin.TC001_VerifyLoginWithValidCredentials@4cf777e8]" name="setUp" is-config="true" duration-ms="6790" started-at="2018-06-21T13:02:13Z" finished-at="2018-06-21T13:02:20Z">
          <reporter-output>
          </reporter-output>
        </test-method> <!-- setUp -->
        <test-method status="PASS" signature="setUp()[pri:0, instance:com.test.automation.HubAutomation.playerLogin.TC002_VerifyLoginWithInvalidCredentials@2f686d1f]" name="setUp" is-config="true" duration-ms="6680" started-at="2018-06-21T13:02:20Z" finished-at="2018-06-21T13:02:27Z">
          <reporter-output>
          </reporter-output>
        </test-method> <!-- setUp -->
        <test-method status="PASS" signature="verifyLoginWithValidCredentials()[pri:0, instance:com.test.automation.HubAutomation.playerLogin.TC001_VerifyLoginWithValidCredentials@4cf777e8]" name="verifyLoginWithValidCredentials" duration-ms="5767" started-at="2018-06-21T13:02:27Z" finished-at="2018-06-21T13:02:32Z">
          <reporter-output>
            <line>
              <![CDATA[<a href='D:\Eclipse Test\Github_DRC\PageFactoryApproach\HubAutomation\src\main\java\com\test\automation\uiAutomation\screenshots\verifyLoginWithValidCredentials_21_06_2018_01_02_32.png'> <img src = 'D:\Eclipse Test\Github_DRC\PageFactoryApproach\HubAutomation\src\main\java\com\test\automation\uiAutomation\screenshots\verifyLoginWithValidCredentials_21_06_2018_01_02_32.png' height='100' weight='100' /> </a>]]>
            </line>
          </reporter-output>
        </test-method> <!-- verifyLoginWithValidCredentials -->
        <test-method status="PASS" signature="endTest()[pri:0, instance:com.test.automation.HubAutomation.playerLogin.TC001_VerifyLoginWithValidCredentials@4cf777e8]" name="endTest" is-config="true" duration-ms="0" started-at="2018-06-21T13:03:34Z" finished-at="2018-06-21T13:03:34Z">
          <reporter-output>
          </reporter-output>
        </test-method> <!-- endTest -->
        <test-method status="PASS" signature="endTest()[pri:0, instance:com.test.automation.HubAutomation.playerLogin.TC002_VerifyLoginWithInvalidCredentials@2f686d1f]" name="endTest" is-config="true" duration-ms="2064" started-at="2018-06-21T13:03:34Z" finished-at="2018-06-21T13:03:36Z">
          <reporter-output>
          </reporter-output>
        </test-method> <!-- endTest -->
      </class> <!-- com.test.automation.HubAutomation.playerLogin.TC001_VerifyLoginWithValidCredentials -->
    </test> <!-- LoginPageTest -->
  </suite> <!-- Regression Suite -->
</testng-results>
